build/app/outputs/mapping/release/mapping.txt
# compiler: R8
# compiler_version: 2.1.62
# min_api: 20
# pg_map_id: cba7ea9
# common_typos_disable
...
io.flutter.embedding.engine.plugins.FlutterPlugin$FlutterAssets -> io.flutter.embedding.engine.h.a$a:
io.flutter.embedding.engine.plugins.FlutterPlugin$FlutterPluginBinding -> io.flutter.embedding.engine.h.a$b:
    android.content.Context applicationContext -> a
    io.flutter.plugin.platform.PlatformViewRegistry platformViewRegistry -> c
    io.flutter.plugin.common.BinaryMessenger binaryMessenger -> b
    android.content.Context getApplicationContext() -> a
    io.flutter.plugin.common.BinaryMessenger getBinaryMessenger() -> b
    io.flutter.plugin.platform.PlatformViewRegistry getPlatformViewRegistry() -> c
io.flutter.embedding.engine.plugins.PluginRegistry -> io.flutter.embedding.engine.h.b:
    void add(io.flutter.embedding.engine.plugins.FlutterPlugin) -> g
io.flutter.embedding.engine.plugins.activity.ActivityAware -> io.flutter.embedding.engine.h.c.a:
    void onDetachedFromActivity() -> a
    void onAttachedToActivity(io.flutter.embedding.engine.plugins.activity.ActivityPluginBinding) -> b
    void onReattachedToActivityForConfigChanges(io.flutter.embedding.engine.plugins.activity.ActivityPluginBinding) -> c
    void onDetachedFromActivityForConfigChanges() -> e
io.flutter.embedding.engine.plugins.activity.ActivityControlSurface -> io.flutter.embedding.engine.h.c.b:
    void onRestoreInstanceState(android.os.Bundle) -> a
    boolean onActivityResult(int,int,android.content.Intent) -> b
    void onNewIntent(android.content.Intent) -> c
    void onUserLeaveHint() -> d
    void attachToActivity(io.flutter.embedding.android.ExclusiveAppComponent,androidx.lifecycle.Lifecycle) -> e
    void detachFromActivity() -> f
    void detachFromActivityForConfigChanges() -> h
    void onSaveInstanceState(android.os.Bundle) -> j
io.flutter.embedding.engine.plugins.activity.ActivityPluginBinding -> io.flutter.embedding.engine.h.c.c:
    java.lang.Object getLifecycle() -> a
    android.app.Activity getActivity() -> b
    void addActivityResultListener(io.flutter.plugin.common.PluginRegistry$ActivityResultListener) -> c
    void addRequestPermissionsResultListener(io.flutter.plugin.common.PluginRegistry$RequestPermissionsResultListener) -> d
    void removeRequestPermissionsResultListener(io.flutter.plugin.common.PluginRegistry$RequestPermissionsResultListener) -> e
    void removeActivityResultListener(io.flutter.plugin.common.PluginRegistry$ActivityResultListener) -> f
io.flutter.embedding.engine.plugins.activity.ActivityPluginBinding$OnSaveInstanceStateListener -> io.flutter.embedding.engine.h.c.c$a:
    void onRestoreInstanceState(android.os.Bundle) -> a
    void onSaveInstanceState(android.os.Bundle) -> j
io.flutter.embedding.engine.plugins.broadcastreceiver.BroadcastReceiverAware -> io.flutter.embedding.engine.h.d.a:
    void onAttachedToBroadcastReceiver(io.flutter.embedding.engine.plugins.broadcastreceiver.BroadcastReceiverPluginBinding) -> a
    void onDetachedFromBroadcastReceiver() -> b
io.flutter.embedding.engine.plugins.broadcastreceiver.BroadcastReceiverPluginBinding -> io.flutter.embedding.engine.h.d.b:
io.flutter.embedding.engine.plugins.contentprovider.ContentProviderAware -> io.flutter.embedding.engine.h.e.a:
    void onAttachedToContentProvider(io.flutter.embedding.engine.plugins.contentprovider.ContentProviderPluginBinding) -> a
    void onDetachedFromContentProvider() -> b
io.flutter.embedding.engine.plugins.contentprovider.ContentProviderPluginBinding -> io.flutter.embedding.engine.h.e.b:
io.flutter.embedding.engine.plugins.lifecycle.FlutterLifecycleAdapter -> io.flutter.embedding.engine.plugins.lifecycle.a:
    androidx.lifecycle.Lifecycle getActivityLifecycle(io.flutter.embedding.engine.plugins.activity.ActivityPluginBinding) -> a
io.flutter.embedding.engine.plugins.service.ServiceAware -> io.flutter.embedding.engine.h.f.a:
    void onAttachedToService(io.flutter.embedding.engine.plugins.service.ServicePluginBinding) -> a
    void onDetachedFromService() -> b