build/app/outputs/mapping/release/usage.txt
com.example.fastkes_app.R$id
com.example.fastkes_app.R$color
com.example.fastkes_app.R$xml
com.example.fastkes_app.R
com.example.fastkes_app.R$integer
com.example.fastkes_app.R$mipmap
com.example.fastkes_app.R$attr
com.example.fastkes_app.R$styleable
com.example.fastkes_app.R$dimen
com.example.fastkes_app.R$drawable
com.example.fastkes_app.R$style
com.example.fastkes_app.R$string
com.example.fastkes_app.BuildConfig
com.example.fastkes_app.R$layout
...
com.google.common.collect.StandardTable$RowMap
com.google.common.cache.LocalCache$StrongValueReference
com.google.common.primitives.Longs
com.google.common.graph.MapRetrievalCache
kotlin.sequences.SequencesKt___SequencesKt$filterIsInstance$1
androidx.viewpager.widget.ViewPager$SavedState
com.google.common.base.Predicates$InstanceOfPredicate
com.google.android.gms.common.internal.zzp:
    public static java.lang.String zzc(android.content.Context)
androidx.loader.content.Loader$OnLoadCanceledListener
com.google.j2objc.annotations.ObjectiveCName
androidx.core.graphics.TypefaceCompatBaseImpl
com.google.common.io.Files$FileByteSource
kotlin.coroutines.jvm.internal.ContinuationImpl
com.google.android.gms.maps.internal.zzd
androidx.core.view.ViewCompat$NestedScrollType
com.google.android.gms.actions.ItemListIntents
com.google.android.gms.common.stats.LoggingConstants
com.google.common.collect.ImmutableSet
com.google.common.cache.CacheBuilder$3
com.google.android.gms.common.api.Batch
com.google.common.base.FinalizableReferenceQueue$FinalizerLoader
com.google.common.reflect.Types$GenericArrayTypeImpl
javax.annotation.Nonnegative$Checker
com.github.droibit.plugins.customtabs.R$color
javax.annotation.WillClose
com.google.common.collect.SortedMultisets$NavigableElementSet
com.google.android.gms.maps.zza
androidx.loader.R$styleable
kotlin.sequences.SubSequence
com.google.common.graph.ImmutableValueGraph$1
androidx.core.view.NestedScrollingChild3
com.google.common.collect.Iterators
com.google.common.primitives.UnsignedInts$LexicographicalComparator
com.google.common.collect.Maps$UnmodifiableBiMap
com.google.common.net.InetAddresses$TeredoInfo
kotlin.collections.ArraysKt___ArraysKt
com.google.android.gms.location.zzb
com.google.common.base.Functions$IdentityFunction
com.google.common.collect.SortedLists$KeyPresentBehavior$1
com.google.common.base.CaseFormat$2
com.google.common.collect.Maps$EntrySet
com.google.android.gms.internal.base.zaj
com.google.errorprone.annotations.concurrent.LockMethod
com.google.android.gms.common.server.response.zaj
android.support.v4.os.ResultReceiver
androidx.core.app.JobIntentService$JobWorkEnqueuer
androidx.arch.core.R
androidx.core.graphics.drawable.RoundedBitmapDrawableFactory
kotlin.coroutines.experimental.jvm.internal.CoroutineIntrinsics
androidx.lifecycle.LifecycleRegistry:
    public int getObserverCount()
com.google.common.collect.AbstractMapBasedMultimap$WrappedList$WrappedListIterator
com.google.common.collect.ImmutableBiMap
com.google.common.util.concurrent.Uninterruptibles:
    public static void awaitUninterruptibly(java.util.concurrent.CountDownLatch)
    public static boolean awaitUninterruptibly(java.util.concurrent.CountDownLatch,long,java.util.concurrent.TimeUnit)
    public static boolean awaitUninterruptibly(java.util.concurrent.locks.Condition,long,java.util.concurrent.TimeUnit)
    public static void joinUninterruptibly(java.lang.Thread)
    public static void joinUninterruptibly(java.lang.Thread,long,java.util.concurrent.TimeUnit)
    public static java.lang.Object getUninterruptibly(java.util.concurrent.Future,long,java.util.concurrent.TimeUnit)
    public static java.lang.Object takeUninterruptibly(java.util.concurrent.BlockingQueue)
    public static void putUninterruptibly(java.util.concurrent.BlockingQueue,java.lang.Object)
    public static void sleepUninterruptibly(long,java.util.concurrent.TimeUnit)
    public static boolean tryAcquireUninterruptibly(java.util.concurrent.Semaphore,long,java.util.concurrent.TimeUnit)
    public static boolean tryAcquireUninterruptibly(java.util.concurrent.Semaphore,int,long,java.util.concurrent.TimeUnit)
    private void <init>()
com.google.common.collect.HashMultimap
com.google.android.gms.common.util.concurrent.HandlerExecutor
androidx.browser.browseractions.BrowserActionsFallbackMenuUi$2
kotlin.reflect.KMutableProperty1$Setter
kotlin.coroutines.experimental.migration.ExperimentalSuspendFunction0Migration